(07/01/2019 12:45:31 PM) ERROR:Internal Server Error: /documentation/
Traceback (most recent call last):
  File "/Users/mfhodges/Desktop/CRF2/envcrf/lib/python3.6/site-packages/django/template/base.py", line 470, in parse
    compile_func = self.tags[command]
KeyError: 'endblock'

During handling of the above exception, another exception occurred:

Traceback (most recent call last):
  File "/Users/mfhodges/Desktop/CRF2/envcrf/lib/python3.6/site-packages/django/core/handlers/exception.py", line 34, in inner
    response = get_response(request)
  File "/Users/mfhodges/Desktop/CRF2/envcrf/lib/python3.6/site-packages/django/core/handlers/base.py", line 156, in _get_response
    response = self.process_exception_by_middleware(e, request)
  File "/Users/mfhodges/Desktop/CRF2/envcrf/lib/python3.6/site-packages/django/core/handlers/base.py", line 154, in _get_response
    response = response.render()
  File "/Users/mfhodges/Desktop/CRF2/envcrf/lib/python3.6/site-packages/django/template/response.py", line 106, in render
    self.content = self.rendered_content
  File "/Users/mfhodges/Desktop/CRF2/envcrf/lib/python3.6/site-packages/django/template/response.py", line 81, in rendered_content
    template = self.resolve_template(self.template_name)
  File "/Users/mfhodges/Desktop/CRF2/envcrf/lib/python3.6/site-packages/django/template/response.py", line 63, in resolve_template
    return select_template(template, using=self.using)
  File "/Users/mfhodges/Desktop/CRF2/envcrf/lib/python3.6/site-packages/django/template/loader.py", line 42, in select_template
    return engine.get_template(template_name)
  File "/Users/mfhodges/Desktop/CRF2/envcrf/lib/python3.6/site-packages/django/template/backends/django.py", line 34, in get_template
    return Template(self.engine.get_template(template_name), self)
  File "/Users/mfhodges/Desktop/CRF2/envcrf/lib/python3.6/site-packages/django/template/engine.py", line 144, in get_template
    template, origin = self.find_template(template_name)
  File "/Users/mfhodges/Desktop/CRF2/envcrf/lib/python3.6/site-packages/django/template/engine.py", line 126, in find_template
    template = loader.get_template(name, skip=skip)
  File "/Users/mfhodges/Desktop/CRF2/envcrf/lib/python3.6/site-packages/django/template/loaders/base.py", line 30, in get_template
    contents, origin, origin.template_name, self.engine,
  File "/Users/mfhodges/Desktop/CRF2/envcrf/lib/python3.6/site-packages/django/template/base.py", line 156, in __init__
    self.nodelist = self.compile_nodelist()
  File "/Users/mfhodges/Desktop/CRF2/envcrf/lib/python3.6/site-packages/django/template/base.py", line 194, in compile_nodelist
    return parser.parse()
  File "/Users/mfhodges/Desktop/CRF2/envcrf/lib/python3.6/site-packages/django/template/base.py", line 478, in parse
    raise self.error(token, e)
  File "/Users/mfhodges/Desktop/CRF2/envcrf/lib/python3.6/site-packages/django/template/base.py", line 476, in parse
    compiled_result = compile_func(self, token)
  File "/Users/mfhodges/Desktop/CRF2/envcrf/lib/python3.6/site-packages/django/template/loader_tags.py", line 266, in do_extends
    nodelist = parser.parse()
  File "/Users/mfhodges/Desktop/CRF2/envcrf/lib/python3.6/site-packages/django/template/base.py", line 478, in parse
    raise self.error(token, e)
  File "/Users/mfhodges/Desktop/CRF2/envcrf/lib/python3.6/site-packages/django/template/base.py", line 476, in parse
    compiled_result = compile_func(self, token)
  File "/Users/mfhodges/Desktop/CRF2/envcrf/lib/python3.6/site-packages/django/template/loader_tags.py", line 209, in do_block
    nodelist = parser.parse(('endblock',))
  File "/Users/mfhodges/Desktop/CRF2/envcrf/lib/python3.6/site-packages/django/template/base.py", line 478, in parse
    raise self.error(token, e)
  File "/Users/mfhodges/Desktop/CRF2/envcrf/lib/python3.6/site-packages/django/template/base.py", line 476, in parse
    compiled_result = compile_func(self, token)
  File "/Users/mfhodges/Desktop/CRF2/envcrf/lib/python3.6/site-packages/django/template/defaulttags.py", line 951, in do_if
    nodelist = parser.parse(('elif', 'else', 'endif'))
  File "/Users/mfhodges/Desktop/CRF2/envcrf/lib/python3.6/site-packages/django/template/base.py", line 472, in parse
    self.invalid_block_tag(token, command, parse_until)
  File "/Users/mfhodges/Desktop/CRF2/envcrf/lib/python3.6/site-packages/django/template/base.py", line 528, in invalid_block_tag
    get_text_list(["'%s'" % p for p in parse_until], 'or'),
django.template.exceptions.TemplateSyntaxError: Invalid block tag on line 37: 'endblock', expected 'elif', 'else' or 'endif'. Did you forget to register or load this tag?
(07/01/2019 12:46:51 PM) WARNING:Bad Request: /autoadds/
